Detecting CXX compiler ABI info failed to compile with the following output:
Change Dir: /Users/r2034kimo/Documents/ComputerGraphics/ColorHarmonization/OpenCV2/ios/ios/build/iPhoneOS-armv7s/CMakeFiles/CMakeTmp

Run Build Command:/Applications/CMake\ 2.8-10.app/Contents/bin/cmakexbuild -project CMAKE_TRY_COMPILE.xcodeproj build -target cmTryCompileExec535467057 -configuration Debug
=== BUILD NATIVE TARGET cmTryCompileExec535467057 OF PROJECT CMAKE_TRY_COMPILE WITH CONFIGURATION Debug ===
Check dependencies
target specifies product type 'com.apple.product-type.tool', but there's no such product type for the 'iphoneos' platform


** BUILD FAILED **


The following build commands failed:
	Check dependencies
(1 failure)


Detecting C compiler ABI info failed to compile with the following output:
Change Dir: /Users/r2034kimo/Documents/ComputerGraphics/ColorHarmonization/OpenCV2/ios/ios/build/iPhoneOS-armv7s/CMakeFiles/CMakeTmp

Run Build Command:/Applications/CMake\ 2.8-10.app/Contents/bin/cmakexbuild -project CMAKE_TRY_COMPILE.xcodeproj build -target cmTryCompileExec627175590 -configuration Debug
=== BUILD NATIVE TARGET cmTryCompileExec627175590 OF PROJECT CMAKE_TRY_COMPILE WITH CONFIGURATION Debug ===
Check dependencies
target specifies product type 'com.apple.product-type.tool', but there's no such product type for the 'iphoneos' platform


** BUILD FAILED **


The following build commands failed:
	Check dependencies
(1 failure)


Determining if the function fseeko exists failed with the following output:
Change Dir: /Users/r2034kimo/Documents/ComputerGraphics/ColorHarmonization/OpenCV2/ios/ios/build/iPhoneOS-armv7s/CMakeFiles/CMakeTmp

Run Build Command:/Applications/CMake\ 2.8-10.app/Contents/bin/cmakexbuild -project CMAKE_TRY_COMPILE.xcodeproj build -target cmTryCompileExec784391419 -configuration Debug
=== BUILD NATIVE TARGET cmTryCompileExec784391419 OF PROJECT CMAKE_TRY_COMPILE WITH CONFIGURATION Debug ===
Check dependencies
target specifies product type 'com.apple.product-type.tool', but there's no such product type for the 'iphoneos' platform


** BUILD FAILED **


The following build commands failed:
	Check dependencies
(1 failure)


Determining if the include file unistd.h exists failed with the following output:
Change Dir: /Users/r2034kimo/Documents/ComputerGraphics/ColorHarmonization/OpenCV2/ios/ios/build/iPhoneOS-armv7s/CMakeFiles/CMakeTmp

Run Build Command:/Applications/CMake\ 2.8-10.app/Contents/bin/cmakexbuild -project CMAKE_TRY_COMPILE.xcodeproj build -target cmTryCompileExec746835643 -configuration Debug
=== BUILD NATIVE TARGET cmTryCompileExec746835643 OF PROJECT CMAKE_TRY_COMPILE WITH CONFIGURATION Debug ===
Check dependencies
target specifies product type 'com.apple.product-type.tool', but there's no such product type for the 'iphoneos' platform


** BUILD FAILED **


The following build commands failed:
	Check dependencies
(1 failure)


Determining if the include file sys/types.h exists failed with the following output:
Change Dir: /Users/r2034kimo/Documents/ComputerGraphics/ColorHarmonization/OpenCV2/ios/ios/build/iPhoneOS-armv7s/CMakeFiles/CMakeTmp

Run Build Command:/Applications/CMake\ 2.8-10.app/Contents/bin/cmakexbuild -project CMAKE_TRY_COMPILE.xcodeproj build -target cmTryCompileExec941809918 -configuration Debug
=== BUILD NATIVE TARGET cmTryCompileExec941809918 OF PROJECT CMAKE_TRY_COMPILE WITH CONFIGURATION Debug ===
Check dependencies
target specifies product type 'com.apple.product-type.tool', but there's no such product type for the 'iphoneos' platform


** BUILD FAILED **


The following build commands failed:
	Check dependencies
(1 failure)


Determining if the include file stdint.h exists failed with the following output:
Change Dir: /Users/r2034kimo/Documents/ComputerGraphics/ColorHarmonization/OpenCV2/ios/ios/build/iPhoneOS-armv7s/CMakeFiles/CMakeTmp

Run Build Command:/Applications/CMake\ 2.8-10.app/Contents/bin/cmakexbuild -project CMAKE_TRY_COMPILE.xcodeproj build -target cmTryCompileExec3767027125 -configuration Debug
=== BUILD NATIVE TARGET cmTryCompileExec3767027125 OF PROJECT CMAKE_TRY_COMPILE WITH CONFIGURATION Debug ===
Check dependencies
target specifies product type 'com.apple.product-type.tool', but there's no such product type for the 'iphoneos' platform


** BUILD FAILED **


The following build commands failed:
	Check dependencies
(1 failure)


Determining if the include file stddef.h exists failed with the following output:
Change Dir: /Users/r2034kimo/Documents/ComputerGraphics/ColorHarmonization/OpenCV2/ios/ios/build/iPhoneOS-armv7s/CMakeFiles/CMakeTmp

Run Build Command:/Applications/CMake\ 2.8-10.app/Contents/bin/cmakexbuild -project CMAKE_TRY_COMPILE.xcodeproj build -target cmTryCompileExec4275265411 -configuration Debug
=== BUILD NATIVE TARGET cmTryCompileExec4275265411 OF PROJECT CMAKE_TRY_COMPILE WITH CONFIGURATION Debug ===
Check dependencies
target specifies product type 'com.apple.product-type.tool', but there's no such product type for the 'iphoneos' platform


** BUILD FAILED **


The following build commands failed:
	Check dependencies
(1 failure)


Determining size of off64_t failed with the following output:
Change Dir: /Users/r2034kimo/Documents/ComputerGraphics/ColorHarmonization/OpenCV2/ios/ios/build/iPhoneOS-armv7s/CMakeFiles/CMakeTmp

Run Build Command:/Applications/CMake\ 2.8-10.app/Contents/bin/cmakexbuild -project CMAKE_TRY_COMPILE.xcodeproj build -target cmTryCompileExec3806055694 -configuration Debug
=== BUILD NATIVE TARGET cmTryCompileExec3806055694 OF PROJECT CMAKE_TRY_COMPILE WITH CONFIGURATION Debug ===
Check dependencies
target specifies product type 'com.apple.product-type.tool', but there's no such product type for the 'iphoneos' platform


** BUILD FAILED **


The following build commands failed:
	Check dependencies
(1 failure)

/Users/r2034kimo/Documents/ComputerGraphics/ColorHarmonization/OpenCV2/ios/ios/build/iPhoneOS-armv7s/CMakeFiles/CheckTypeSize/OFF64_T.c:


#undef KEY
#if defined(__i386)
# define KEY '_','_','i','3','8','6'
#elif defined(__x86_64)
# define KEY '_','_','x','8','6','_','6','4'
#elif defined(__ppc__)
# define KEY '_','_','p','p','c','_','_'
#elif defined(__ppc64__)
# define KEY '_','_','p','p','c','6','4','_','_'
#endif

#define SIZE (sizeof(off64_t))
char info_size[] =  {'I', 'N', 'F', 'O', ':', 's','i','z','e','[',
  ('0' + ((SIZE / 10000)%10)),
  ('0' + ((SIZE / 1000)%10)),
  ('0' + ((SIZE / 100)%10)),
  ('0' + ((SIZE / 10)%10)),
  ('0' +  (SIZE    % 10)),
  ']',
#ifdef KEY
  ' ','k','e','y','[', KEY, ']',
#endif
  '\0'};

#ifdef __CLASSIC_C__
int main(argc, argv) int argc; char *argv[];
#else
int main(int argc, char *argv[])
#endif
{
  int require = 0;
  require += info_size[argc];
  (void)argv;
  return require;
}


